# JRE version: OpenJDK Runtime Environment Microsoft-11926163 (17.0.16+8) (build 17.0.16+8-LTS)
# Java VM: OpenJDK 64-Bit Server VM Microsoft-11926163 (17.0.16+8-LTS, mixed mode, emulated-client, sharing, tiered, compressed oops, compressed class ptrs, g1 gc, windows-amd64)
GC Precious Log:
 CPUs: 12 total, 12 available
 Memory: 16085M
 Large Page Support: Disabled
 NUMA Support: Disabled
 Compressed Oops: Enabled (Zero based)
 Heap Region Size: 2M
 Heap Min Capacity: 8M
 Heap Initial Capacity: 252M
 Heap Max Capacity: 4022M
 Pre-touch: Disabled
 Parallel Workers: 10
 Concurrent Workers: 3
 Concurrent Refinement Workers: 10
 Periodic GC: Disabled
Heap:
 garbage-first heap   total 71680K, used 23223K [0x0000000704a00000, 0x0000000800000000)
  region size 2048K, 4 young (8192K), 1 survivors (2048K)
 Metaspace       used 29780K, committed 30208K, reserved 1114112K
  class space    used 4209K, committed 4416K, reserved 1048576K
GC Heap History (12 events):
Event: 0.376 GC heap before
{Heap before GC invocations=0 (full 0):
 garbage-first heap   total 258048K, used 20480K [0x0000000704a00000, 0x0000000800000000)
  region size 2048K, 11 young (22528K), 0 survivors (0K)
 Metaspace       used 6141K, committed 6400K, reserved 1114112K
  class space    used 771K, committed 896K, reserved 1048576K
}
Event: 0.379 GC heap after
{Heap after GC invocations=1 (full 0):
 garbage-first heap   total 258048K, used 8649K [0x0000000704a00000, 0x0000000800000000)
  region size 2048K, 2 young (4096K), 2 survivors (4096K)
 Metaspace       used 6141K, committed 6400K, reserved 1114112K
  class space    used 771K, committed 896K, reserved 1048576K
}
Event: 0.604 GC heap before
{Heap before GC invocations=1 (full 0):
 garbage-first heap   total 258048K, used 29129K [0x0000000704a00000, 0x0000000800000000)
  region size 2048K, 12 young (24576K), 2 survivors (4096K)
 Metaspace       used 10080K, committed 10432K, reserved 1114112K
  class space    used 1384K, committed 1536K, reserved 1048576K
}
Event: 0.608 GC heap after
{Heap after GC invocations=2 (full 0):
 garbage-first heap   total 258048K, used 9647K [0x0000000704a00000, 0x0000000800000000)
  region size 2048K, 1 young (2048K), 1 survivors (2048K)
 Metaspace       used 10080K, committed 10432K, reserved 1114112K
  class space    used 1384K, committed 1536K, reserved 1048576K
}
Event: 0.909 GC heap before
{Heap before GC invocations=2 (full 0):
 garbage-first heap   total 258048K, used 71087K [0x0000000704a00000, 0x0000000800000000)
  region size 2048K, 31 young (63488K), 1 survivors (2048K)
 Metaspace       used 21065K, committed 21376K, reserved 1114112K
  class space    used 2939K, committed 3072K, reserved 1048576K
}
Event: 0.912 GC heap after
{Heap after GC invocations=3 (full 0):
 garbage-first heap   total 258048K, used 14104K [0x0000000704a00000, 0x0000000800000000)
  region size 2048K, 3 young (6144K), 3 survivors (6144K)
 Metaspace       used 21065K, committed 21376K, reserved 1114112K
  class space    used 2939K, committed 3072K, reserved 1048576K
}
Event: 0.916 GC heap before
{Heap before GC invocations=3 (full 0):
 garbage-first heap   total 258048K, used 14104K [0x0000000704a00000, 0x0000000800000000)
  region size 2048K, 4 young (8192K), 3 survivors (6144K)
 Metaspace       used 21186K, committed 21504K, reserved 1114112K
  class space    used 2952K, committed 3072K, reserved 1048576K
}
Event: 0.918 GC heap after
{Heap after GC invocations=4 (full 0):
 garbage-first heap   total 258048K, used 14646K [0x0000000704a00000, 0x0000000800000000)
  region size 2048K, 4 young (8192K), 4 survivors (8192K)
 Metaspace       used 21186K, committed 21504K, reserved 1114112K
  class space    used 2952K, committed 3072K, reserved 1048576K
}
Event: 1.220 GC heap before
{Heap before GC invocations=5 (full 0):
 garbage-first heap   total 61440K, used 59702K [0x0000000704a00000, 0x0000000800000000)
  region size 2048K, 26 young (53248K), 4 survivors (8192K)
 Metaspace       used 25814K, committed 26176K, reserved 1114112K
  class space    used 3596K, committed 3776K, reserved 1048576K
}
Event: 1.225 GC heap after
{Heap after GC invocations=6 (full 0):
 garbage-first heap   total 71680K, used 17646K [0x0000000704a00000, 0x0000000800000000)
  region size 2048K, 5 young (10240K), 5 survivors (10240K)
 Metaspace       used 25814K, committed 26176K, reserved 1114112K
  class space    used 3596K, committed 3776K, reserved 1048576K
}
Event: 1.454 GC heap before
{Heap before GC invocations=6 (full 0):
 garbage-first heap   total 71680K, used 46318K [0x0000000704a00000, 0x0000000800000000)
  region size 2048K, 19 young (38912K), 5 survivors (10240K)
 Metaspace       used 28813K, committed 29184K, reserved 1114112K
  class space    used 4041K, committed 4224K, reserved 1048576K
}
Event: 1.460 GC heap after
{Heap after GC invocations=7 (full 0):
 garbage-first heap   total 71680K, used 19127K [0x0000000704a00000, 0x0000000800000000)
  region size 2048K, 1 young (2048K), 1 survivors (2048K)
 Metaspace       used 28813K, committed 29184K, reserved 1114112K
  class space    used 4041K, committed 4224K, reserved 1048576K
}

